c:\dev\git\wumpusopenal\release\vc141.pdb
c:\dev\git\wumpusopenal\release\loadoal.obj
c:\dev\git\wumpusopenal\release\framework.obj
c:\dev\git\wumpusopenal\release\aldlist.obj
c:\dev\git\wumpusopenal\release\winamp.obj
c:\dev\git\wumpusopenal\release\out_wumpus.obj
c:\dev\git\wumpusopenal\release\out_renderer.obj
c:\dev\git\wumpusopenal\release\main.obj
c:\dev\git\wumpusopenal\release\configfile.obj
c:\dev\git\wumpusopenal\release\configstatusform.obj
c:\dev\git\wumpusopenal\release\vc140.pdb
c:\dev\git\wumpusopenal\release\.netframework,version=v4.0.assemblyattributes.obj
c:\dev\git\wumpusopenal\release\.netframework,version=v4.0.assemblyattributes.asm
c:\dev\git\wumpusopenal\release\
c:\dev\git\wumpusopenal\release\winampopenalout.configstatusform.resources
c:\dev\git\wumpusopenal\release\info.res
c:\dev\git\wumpusopenal\release\out_wumpus.vcxproj.generateresource.cache
c:\dev\git\wumpusopenal\release\out_openal.tlog\cl.command.1.tlog
c:\dev\git\wumpusopenal\release\out_openal.tlog\cl.read.1.tlog
c:\dev\git\wumpusopenal\release\out_openal.tlog\cl.write.1.tlog
c:\dev\git\wumpusopenal\release\out_openal.tlog\link.command.1.tlog
c:\dev\git\wumpusopenal\release\out_openal.tlog\link.read.1.tlog
c:\dev\git\wumpusopenal\release\out_openal.tlog\metagen.read.1.tlog
c:\dev\git\wumpusopenal\release\out_openal.tlog\metagen.write.1.tlog
c:\dev\git\wumpusopenal\release\out_openal.tlog\out_openal.write.1u.tlog
c:\dev\git\wumpusopenal\release\out_openal.tlog\rc.command.1.tlog
c:\dev\git\wumpusopenal\release\out_openal.tlog\rc.read.1.tlog
c:\dev\git\wumpusopenal\release\out_openal.tlog\rc.write.1.tlog
